#
# There is insufficient memory for the Java Runtime Environment to continue.
# Native memory allocation (malloc) failed to allocate 32744 bytes for ChunkPool::allocate
# Possible reasons:
#   The system is out of physical RAM or swap space
#   In 32 bit mode, the process size limit was hit
# Possible solutions:
#   Reduce memory load on the system
#   Increase physical memory or swap space
#   Check if swap backing store is full
#   Use 64 bit Java on a 64 bit OS
#   Decrease Java heap size (-Xmx/-Xms)
#   Decrease number of Java threads
#   Decrease Java thread stack sizes (-Xss)
#   Set larger code cache with -XX:ReservedCodeCacheSize=
# This output file may be truncated or incomplete.
#
#  Out of Memory Error (allocation.cpp:273), pid=4364, tid=0x0000000000001d28
#
# JRE version: Java(TM) SE Runtime Environment (8.0_181-b13) (build 1.8.0_181-b13)
# Java VM: Java HotSpot(TM) 64-Bit Server VM (25.181-b13 mixed mode windows-amd64 compressed oops)
# Failed to write core dump. Minidumps are not enabled by default on client versions of Windows
#

---------------  T H R E A D  ---------------

Current thread (0x000000001d743000):  JavaThread "C1 CompilerThread3" daemon [_thread_in_native, id=7464, stack(0x000000001e200000,0x000000001e300000)]

Stack: [0x000000001e200000,0x000000001e300000]
[error occurred during error reporting (printing stack bounds), id 0xc0000005]

Native frames: (J=compiled Java code, j=interpreted, Vv=VM code, C=native code)


Current CompileTask:
C1:   2352  970   !   3       java.awt.DefaultKeyboardFocusManager::dispatchEvent (1640 bytes)


---------------  P R O C E S S  ---------------

Java Threads: ( => current thread )
  0x000000001ed10000 JavaThread "Thread-2" [_thread_blocked, id=14636, stack(0x000000002b8e0000,0x000000002b9e0000)]
  0x000000001ecb3800 JavaThread "D3D Screen Updater" daemon [_thread_blocked, id=25736, stack(0x0000000028410000,0x0000000028510000)]
  0x000000001eb50000 JavaThread "Image Fetcher 0" daemon [_thread_blocked, id=21496, stack(0x0000000028210000,0x0000000028310000)]
  0x0000000002ed2800 JavaThread "DestroyJavaVM" [_thread_blocked, id=26332, stack(0x0000000002dc0000,0x0000000002ec0000)]
  0x000000001ea6d000 JavaThread "AWT-EventQueue-0" [_thread_blocked, id=26140, stack(0x00000000205c0000,0x00000000206c0000)]
  0x000000001dafd000 JavaThread "AWT-Windows" daemon [_thread_in_native, id=9156, stack(0x000000001e840000,0x000000001e940000)]
  0x000000001daa2000 JavaThread "AWT-Shutdown" [_thread_blocked, id=25156, stack(0x000000001e740000,0x000000001e840000)]
  0x000000001daf8800 JavaThread "Java2D Disposer" daemon [_thread_blocked, id=22944, stack(0x000000001e640000,0x000000001e740000)]
  0x000000001d7d2000 JavaThread "Service Thread" daemon [_thread_blocked, id=24424, stack(0x000000001e300000,0x000000001e400000)]
=>0x000000001d743000 JavaThread "C1 CompilerThread3" daemon [_thread_in_native, id=7464, stack(0x000000001e200000,0x000000001e300000)]
  0x000000001d738000 JavaThread "C2 CompilerThread2" daemon [_thread_blocked, id=12648, stack(0x000000001e100000,0x000000001e200000)]
  0x000000001d737800 JavaThread "C2 CompilerThread1" daemon [_thread_blocked, id=19084, stack(0x000000001e000000,0x000000001e100000)]
  0x000000001d734800 JavaThread "C2 CompilerThread0" daemon [_thread_blocked, id=26228, stack(0x000000001df00000,0x000000001e000000)]
  0x000000001d733000 JavaThread "Attach Listener" daemon [_thread_blocked, id=25404, stack(0x000000001de00000,0x000000001df00000)]
  0x000000001d730000 JavaThread "Signal Dispatcher" daemon [_thread_blocked, id=22160, stack(0x000000001dd00000,0x000000001de00000)]
  0x0000000002fc9800 JavaThread "Finalizer" daemon [_thread_blocked, id=9120, stack(0x000000001db00000,0x000000001dc00000)]
  0x0000000002fc8000 JavaThread "Reference Handler" daemon [_thread_blocked, id=20712, stack(0x000000001d600000,0x000000001d700000)]

Other Threads:
  0x000000001b809000 VMThread [stack: 0x000000001d500000,0x000000001d600000] [id=8508]
  0x000000001d77a000 WatcherThread [stack: 0x000000001e400000,0x000000001e500000] [id=23424]

VM state:not at safepoint (normal execution)

VM Mutex/Monitor currently owned by a thread: None

Heap:
 PSYoungGen      total 67072K, used 17374K [0x0000000775a00000, 0x000000077a480000, 0x00000007c0000000)
  eden space 57856K, 30% used [0x0000000775a00000,0x0000000776af7bc8,0x0000000779280000)
  from space 9216K, 0% used [0x0000000779b80000,0x0000000779b80000,0x000000077a480000)
  to   space 9216K, 0% used [0x0000000779280000,0x0000000779280000,0x0000000779b80000)
 ParOldGen       total 153088K, used 0K [0x00000006e0e00000, 0x00000006ea380000, 0x0000000775a00000)
  object space 153088K, 0% used [0x00000006e0e00000,0x00000006e0e00000,0x00000006ea380000)
 Metaspace       used 12504K, capacity 12700K, committed 12928K, reserved 1060864K
  class space    used 1572K, capacity 1644K, committed 1664K, reserved 1048576K

Card table byte_map: [0x0000000012390000,0x0000000012a90000] byte_map_base: 0x000000000ec89000

Marking Bits: (ParMarkBitMap*) 0x000000005f5f2d00
 Begin Bits: [0x0000000013740000, 0x0000000016f08000)
 End Bits:   [0x0000000016f08000, 0x000000001a6d0000)

Polling page: 0x0000000001580000

CodeCache: size=245760Kb used=3372Kb max_used=3384Kb free=242387Kb
 bounds [0x0000000002fd0000, 0x0000000003320000, 0x0000000011fd0000]
 total_blobs=1474 nmethods=969 adapters=419
 compilation: enabled

Compilation events (10 events):
Event: 2.334 Thread 0x000000001d743000  966       3       java.util.AbstractSequentialList::<init> (5 bytes)
Event: 2.335 Thread 0x000000001d743000 nmethod 966 0x000000000331aa90 code [0x000000000331ac00, 0x000000000331ae70]
Event: 2.335 Thread 0x000000001d743000  967       3       java.awt.EventQueue::setCurrentEventAndMostRecentTime (8 bytes)
Event: 2.335 Thread 0x000000001d743000 nmethod 967 0x000000000331af90 code [0x000000000331b160, 0x000000000331b798]
Event: 2.335 Thread 0x000000001d743000  968       1       sun.util.locale.StringTokenIterator::isDone (5 bytes)
Event: 2.336 Thread 0x000000001d743000 nmethod 968 0x000000000331bad0 code [0x000000000331bc20, 0x000000000331bd30]
Event: 2.336 Thread 0x000000001d743000  969       3       java.awt.Component::isVisible (5 bytes)
Event: 2.336 Thread 0x000000001d743000 nmethod 969 0x000000000331bd90 code [0x000000000331bee0, 0x000000000331c0d0]
Event: 2.336 Thread 0x000000001d743000  970   !   3       java.awt.DefaultKeyboardFocusManager::dispatchEvent (1640 bytes)
Event: 2.337 Thread 0x000000001d738000 nmethod 958 0x000000000331f190 code [0x000000000331f300, 0x000000000331f728]

GC Heap History (0 events):
No events

Deoptimization events (2 events):
Event: 0.921 Thread 0x000000001eb50000 Uncommon trap: reason=unstable_if action=reinterpret pc=0x00000000031b5ba8 method=java.lang.String.<init>([CII)V @ 18
Event: 1.434 Thread 0x000000001ea6d000 Uncommon trap: reason=predicate action=maybe_recompile pc=0x000000000324d90c method=java.util.ArrayList.indexOf(Ljava/lang/Object;)I @ 44

Classes redefined (0 events):
No events

Internal exceptions (10 events):
Event: 0.397 Thread 0x0000000002ed2800 Exception <a 'java/lang/ClassNotFoundException': ToolBar> (0x0000000775f037a8) thrown at [C:\re\workspace\8-2-build-windows-amd64-cygwin\jdk8u181\11358\hotspot\src\share\vm\classfile\systemDictionary.cpp, line 210]
Event: 0.397 Thread 0x0000000002ed2800 Exception <a 'java/lang/ClassNotFoundException': ToggleButton> (0x0000000775f03d58) thrown at [C:\re\workspace\8-2-build-windows-amd64-cygwin\jdk8u181\11358\hotspot\src\share\vm\classfile\systemDictionary.cpp, line 210]
Event: 0.397 Thread 0x0000000002ed2800 Exception <a 'java/lang/ClassNotFoundException': javax/swing/JToolBarSeparator> (0x0000000775f041b8) thrown at [C:\re\workspace\8-2-build-windows-amd64-cygwin\jdk8u181\11358\hotspot\src\share\vm\classfile\systemDictionary.cpp, line 210]
Event: 0.397 Thread 0x0000000002ed2800 Exception <a 'java/lang/ClassNotFoundException': ToolBarSeparator> (0x0000000775f04650) thrown at [C:\re\workspace\8-2-build-windows-amd64-cygwin\jdk8u181\11358\hotspot\src\share\vm\classfile\systemDictionary.cpp, line 210]
Event: 0.398 Thread 0x0000000002ed2800 Exception <a 'java/lang/ClassNotFoundException': ToolTip> (0x0000000775f04d90) thrown at [C:\re\workspace\8-2-build-windows-amd64-cygwin\jdk8u181\11358\hotspot\src\share\vm\classfile\systemDictionary.cpp, line 210]
Event: 0.401 Thread 0x0000000002ed2800 Exception <a 'java/lang/ClassNotFoundException': Tree> (0x0000000775f059b0) thrown at [C:\re\workspace\8-2-build-windows-amd64-cygwin\jdk8u181\11358\hotspot\src\share\vm\classfile\systemDictionary.cpp, line 210]
Event: 0.401 Thread 0x0000000002ed2800 Exception <a 'java/lang/ClassNotFoundException': Tree> (0x0000000775f060f0) thrown at [C:\re\workspace\8-2-build-windows-amd64-cygwin\jdk8u181\11358\hotspot\src\share\vm\classfile\systemDictionary.cpp, line 210]
Event: 0.401 Thread 0x0000000002ed2800 Exception <a 'java/lang/ClassNotFoundException': javax/swing/JTreeCell> (0x0000000775f06470) thrown at [C:\re\workspace\8-2-build-windows-amd64-cygwin\jdk8u181\11358\hotspot\src\share\vm\classfile\systemDictionary.cpp, line 210]
Event: 0.401 Thread 0x0000000002ed2800 Exception <a 'java/lang/ClassNotFoundException': TreeCell> (0x0000000775f068f8) thrown at [C:\re\workspace\8-2-build-windows-amd64-cygwin\jdk8u181\11358\hotspot\src\share\vm\classfile\systemDictionary.cpp, line 210]
Event: 0.403 Thread 0x0000000002ed2800 Exception <a 'java/lang/ClassNotFoundException': RootPane> (0x0000000775f07358) thrown at [C:\re\workspace\8-2-build-windows-amd64-cygwin\jdk8u181\11358\hotspot\src\share\vm\classfile\systemDictionary.cpp, line 210]

Events (10 events):
Event: 2.257 loading class Demo/GamePlay$4 done
Event: 2.257 loading class Demo/GamePlay$5
Event: 2.257 loading class Demo/GamePlay$5 done
Event: 2.258 Thread 0x000000001ed10000 Thread added: 0x000000001ed10000
Event: 2.299 loading class java/awt/Window$1DisposeAction
Event: 2.299 loading class java/awt/Window$1DisposeAction done
Event: 2.299 loading class java/awt/KeyboardFocusManager$2
Event: 2.299 loading class java/awt/KeyboardFocusManager$2 done
Event: 2.305 loading class java/awt/LightweightDispatcher$2
Event: 2.305 loading class java/awt/LightweightDispatcher$2 done


Dynamic libraries:
0x00007ff7f0700000 - 0x00007ff7f0737000 	C:\Program Files\Java\jdk1.8.0_181\bin\java.exe
0x00007ffa49fb0000 - 0x00007ffa4a1a8000 	C:\WINDOWS\SYSTEM32\ntdll.dll
0x00007ffa49ae0000 - 0x00007ffa49b9f000 	C:\WINDOWS\System32\KERNEL32.DLL
0x00007ffa47730000 - 0x00007ffa47a26000 	C:\WINDOWS\System32\KERNELBASE.dll
0x00007ffa48c40000 - 0x00007ffa48cef000 	C:\WINDOWS\System32\ADVAPI32.dll
0x00007ffa49e60000 - 0x00007ffa49efe000 	C:\WINDOWS\System32\msvcrt.dll
0x00007ffa48af0000 - 0x00007ffa48b8c000 	C:\WINDOWS\System32\sechost.dll
0x00007ffa499b0000 - 0x00007ffa49ad6000 	C:\WINDOWS\System32\RPCRT4.dll
0x00007ffa496b0000 - 0x00007ffa4984d000 	C:\WINDOWS\System32\USER32.dll
0x00007ffa47a30000 - 0x00007ffa47a52000 	C:\WINDOWS\System32\win32u.dll
0x00007ffa49970000 - 0x00007ffa4999c000 	C:\WINDOWS\System32\GDI32.dll
0x00007ffa47ef0000 - 0x00007ffa48005000 	C:\WINDOWS\System32\gdi32full.dll
0x00007ffa47690000 - 0x00007ffa4772d000 	C:\WINDOWS\System32\msvcp_win.dll
0x00007ffa47df0000 - 0x00007ffa47ef0000 	C:\WINDOWS\System32\ucrtbase.dll
0x00007ffa32060000 - 0x00007ffa322fa000 	C:\WINDOWS\WinSxS\amd64_microsoft.windows.common-controls_6595b64144ccf1df_6.0.19041.1110_none_60b5254171f9507e\COMCTL32.dll
0x00007ffa49ba0000 - 0x00007ffa49bd0000 	C:\WINDOWS\System32\IMM32.DLL
0x0000000060d30000 - 0x0000000060e02000 	C:\Program Files\Java\jdk1.8.0_181\jre\bin\msvcr100.dll
0x000000005edd0000 - 0x000000005f672000 	C:\Program Files\Java\jdk1.8.0_181\jre\bin\server\jvm.dll
0x00007ffa499a0000 - 0x00007ffa499a8000 	C:\WINDOWS\System32\PSAPI.DLL
0x00007ffa2e560000 - 0x00007ffa2e569000 	C:\WINDOWS\SYSTEM32\WSOCK32.dll
0x00007ffa3d960000 - 0x00007ffa3d96a000 	C:\WINDOWS\SYSTEM32\VERSION.dll
0x00007ffa3ce80000 - 0x00007ffa3cea7000 	C:\WINDOWS\SYSTEM32\WINMM.dll
0x00007ffa494e0000 - 0x00007ffa4954b000 	C:\WINDOWS\System32\WS2_32.dll
0x000000005ed80000 - 0x000000005ed8f000 	C:\Program Files\Java\jdk1.8.0_181\jre\bin\verify.dll
0x000000005ed50000 - 0x000000005ed79000 	C:\Program Files\Java\jdk1.8.0_181\jre\bin\java.dll
0x000000005ed30000 - 0x000000005ed46000 	C:\Program Files\Java\jdk1.8.0_181\jre\bin\zip.dll
0x00007ffa483a0000 - 0x00007ffa48ae4000 	C:\WINDOWS\System32\SHELL32.dll
0x00007ffa45710000 - 0x00007ffa45ea3000 	C:\WINDOWS\SYSTEM32\windows.storage.dll
0x00007ffa48cf0000 - 0x00007ffa49044000 	C:\WINDOWS\System32\combase.dll
0x00007ffa46fa0000 - 0x00007ffa46fce000 	C:\WINDOWS\SYSTEM32\Wldp.dll
0x00007ffa48b90000 - 0x00007ffa48c3d000 	C:\WINDOWS\System32\SHCORE.dll
0x00007ffa495e0000 - 0x00007ffa49635000 	C:\WINDOWS\System32\shlwapi.dll
0x00007ffa475d0000 - 0x00007ffa475ef000 	C:\WINDOWS\SYSTEM32\profapi.dll
0x000000005eb50000 - 0x000000005ece9000 	C:\Program Files\Java\jdk1.8.0_181\jre\bin\awt.dll
0x00007ffa49d10000 - 0x00007ffa49ddd000 	C:\WINDOWS\System32\OLEAUT32.dll
0x00007ffa44e90000 - 0x00007ffa44f21000 	C:\WINDOWS\SYSTEM32\apphelp.dll
0x00007ffa45040000 - 0x00007ffa450de000 	C:\WINDOWS\system32\uxtheme.dll
0x00007ffa49850000 - 0x00007ffa49964000 	C:\WINDOWS\System32\MSCTF.dll
0x00007ffa481c0000 - 0x00007ffa482ea000 	C:\WINDOWS\System32\ole32.dll
0x00007ffa45430000 - 0x00007ffa45442000 	C:\WINDOWS\SYSTEM32\kernel.appcore.dll
0x00007ffa47b20000 - 0x00007ffa47ba2000 	C:\WINDOWS\System32\bcryptPrimitives.dll
0x00007ffa45400000 - 0x00007ffa4542f000 	C:\WINDOWS\system32\DWMAPI.DLL
0x000000005eb00000 - 0x000000005eb47000 	C:\Program Files\Java\jdk1.8.0_181\jre\bin\fontmanager.dll
0x00007ff9cb2d0000 - 0x00007ff9cb3f5000 	C:\WINDOWS\system32\opengl32.dll
0x00007ff9cad80000 - 0x00007ff9cadac000 	C:\WINDOWS\SYSTEM32\GLU32.dll
0x00007ffa3b3b0000 - 0x00007ffa3b57d000 	C:\WINDOWS\system32\d3d9.dll
0x00007ffa3d970000 - 0x00007ffa3da20000 	C:\WINDOWS\System32\DriverStore\FileRepository\nvam.inf_amd64_4c9ded46d0fbe1f8\nvldumdx.dll
0x00007ffa47280000 - 0x00007ffa47292000 	C:\WINDOWS\SYSTEM32\msasn1.dll
0x00007ffa3d820000 - 0x00007ffa3d851000 	C:\WINDOWS\SYSTEM32\cryptnet.dll
0x00007ffa47c90000 - 0x00007ffa47dee000 	C:\WINDOWS\System32\CRYPT32.dll
0x00007ffa3d6b0000 - 0x00007ffa3d7f8000 	C:\WINDOWS\SYSTEM32\drvstore.dll
0x00007ffa47440000 - 0x00007ffa4746c000 	C:\WINDOWS\SYSTEM32\devobj.dll
0x00007ffa47a60000 - 0x00007ffa47aae000 	C:\WINDOWS\System32\cfgmgr32.dll
0x00007ffa46f10000 - 0x00007ffa46f1c000 	C:\WINDOWS\SYSTEM32\cryptbase.dll
0x00007ffa47ab0000 - 0x00007ffa47b17000 	C:\WINDOWS\System32\WINTRUST.DLL
0x00007ffa49050000 - 0x00007ffa4906d000 	C:\WINDOWS\System32\imagehlp.dll
0x00007ffa46fe0000 - 0x00007ffa46ff8000 	C:\WINDOWS\SYSTEM32\CRYPTSP.dll
0x00007ffa46650000 - 0x00007ffa46684000 	C:\WINDOWS\system32\rsaenh.dll
0x00007ffa47c60000 - 0x00007ffa47c87000 	C:\WINDOWS\System32\bcrypt.dll
0x00007ff9e3fa0000 - 0x00007ff9e572c000 	C:\WINDOWS\System32\DriverStore\FileRepository\nvam.inf_amd64_4c9ded46d0fbe1f8\nvd3dumx.dll
0x00007ffa39d10000 - 0x00007ffa39ed3000 	C:\WINDOWS\System32\DriverStore\FileRepository\u0374485.inf_amd64_abfb7dc77f8ab6ca\B374507\aticfx64.dll
0x00007ffa18210000 - 0x00007ffa18243000 	C:\WINDOWS\System32\DriverStore\FileRepository\u0374485.inf_amd64_abfb7dc77f8ab6ca\B374507\atiu9p64.dll
0x00007ff9e2e70000 - 0x00007ff9e3bbc000 	C:\WINDOWS\System32\DriverStore\FileRepository\u0374485.inf_amd64_abfb7dc77f8ab6ca\B374507\atiumd64.dll
0x00007ffa33a50000 - 0x00007ffa33c34000 	C:\WINDOWS\SYSTEM32\dbghelp.dll
0x00007ffa2fa00000 - 0x00007ffa2fa34000 	C:\WINDOWS\SYSTEM32\dbgcore.DLL
0x000000005fb90000 - 0x0000000060a5c000 	C:\WINDOWS\System32\DriverStore\FileRepository\u0374485.inf_amd64_abfb7dc77f8ab6ca\B374507\atiumd6a.dll
0x00007ffa47230000 - 0x00007ffa4727b000 	C:\WINDOWS\SYSTEM32\POWRPROF.dll
0x00007ffa47210000 - 0x00007ffa47222000 	C:\WINDOWS\SYSTEM32\UMPDC.dll
0x00007ffa3b0c0000 - 0x00007ffa3b0f0000 	C:\WINDOWS\SYSTEM32\amdihk64.dll
0x00007ffa0daa0000 - 0x00007ffa0dd67000 	C:\WINDOWS\system32\nvspcap64.dll
0x00007ffa46770000 - 0x00007ffa467a3000 	C:\WINDOWS\SYSTEM32\ntmarta.dll
0x00007ffa45ec0000 - 0x00007ffa45ee3000 	C:\WINDOWS\SYSTEM32\gpapi.dll
0x00007ffa42b50000 - 0x00007ffa42b8b000 	C:\WINDOWS\SYSTEM32\dxcore.dll
0x000000005ea30000 - 0x000000005ea61000 	C:\Program Files\Java\jdk1.8.0_181\jre\bin\jpeg.dll
0x000000005ed10000 - 0x000000005ed2a000 	C:\Program Files\Java\jdk1.8.0_181\jre\bin\net.dll
0x00007ffa46d80000 - 0x00007ffa46dea000 	C:\WINDOWS\system32\mswsock.dll
0x000000005ecf0000 - 0x000000005ed01000 	C:\Program Files\Java\jdk1.8.0_181\jre\bin\nio.dll
0x000000005eab0000 - 0x000000005eaf2000 	C:\Program Files\Java\jdk1.8.0_181\jre\bin\t2k.dll
0x00007ffa294a0000 - 0x00007ffa2959a000 	C:\WINDOWS\SYSTEM32\textinputframework.dll
0x00007ffa448c0000 - 0x00007ffa44c1e000 	C:\WINDOWS\System32\CoreUIComponents.dll
0x00007ffa44c20000 - 0x00007ffa44d12000 	C:\WINDOWS\System32\CoreMessaging.dll
0x00007ffa441f0000 - 0x00007ffa44344000 	C:\WINDOWS\SYSTEM32\wintypes.dll
0x000000005ea70000 - 0x000000005ea9a000 	C:\Program Files\Java\jdk1.8.0_181\jre\bin\dcpr.dll

VM Arguments:
jvm_args: -Dfile.encoding=UTF-8 
java_command: Demo.UvodnoOkno
java_class_path (initial): C:\Program Files\NetBeans-17\netbeans\java\modules\ext\AbsoluteLayout.jar;D:\JavaPrograms\BrickBreaker\build\classes
Launcher Type: SUN_STANDARD

Environment Variables:
USERNAME=janip
OS=Windows_NT
PROCESSOR_IDENTIFIER=AMD64 Family 23 Model 24 Stepping 1, AuthenticAMD



---------------  S Y S T E M  ---------------

OS: Windows 10.0 , 64 bit Build 19041 (10.0.19041.2913)

CPU:total 8 (initial active 8) (8 cores per cpu, 1 threads per core) family 23 model 24 stepping 1, cmov, cx8, fxsr, mmx, sse, sse2, sse3, ssse3, sse4.1, sse4.2, popcnt, avx, avx2, aes, clmul, mmxext, 3dnowpref, lzcnt, sse4a, tsc, tscinvbit, tscinv, bmi1

Memory: 4k page, physical 14615536k(4625636k free), swap 58655728k(5120k free)

vm_info: Java HotSpot(TM) 64-Bit Server VM (25.181-b13) for windows-amd64 JRE (1.8.0_181-b13), built on Jul  7 2018 04:01:33 by "java_re" with MS VC++ 10.0 (VS2010)

time: Fri May 26 18:50:03 2023
elapsed time: 2 seconds (0d 0h 0m 2s)

